<?xml version="1.0" encoding="UTF-8"?>
<!-- Generated by org.testng.reporters.JUnitReportReporter -->
<testsuite hostname="DESKTOP-1BKEDIA" name="Shraddha.E2Eframework.AppTest" tests="1" failures="0" timestamp="13 May 2020 11:52:27 GMT" time="0.032" errors="0">
  <testcase name="data" time="0.032" classname="Shraddha.E2Eframework.AppTest"/>
</testsuite> <!-- Shraddha.E2Eframework.AppTest -->
