<?xml version="1.0" encoding="UTF-8"?>
<!-- Generated by org.testng.reporters.JUnitReportReporter -->
<testsuite hostname="DESKTOP-1BKEDIA" name="Shraddha.E2Eframework.Validating" tests="2" failures="0" timestamp="19 May 2020 12:34:41 GMT" time="0.314" errors="0">
  <testcase name="validateTitle" time="0.116" classname="Shraddha.E2Eframework.Validating"/>
  <testcase name="validateBar" time="0.198" classname="Shraddha.E2Eframework.Validating"/>
</testsuite> <!-- Shraddha.E2Eframework.Validating -->
