<?xml version="1.0" encoding="UTF-8"?>
<!-- Generated by org.testng.reporters.JUnitReportReporter -->
<testsuite hostname="DESKTOP-1BKEDIA" name="Shraddha.E2Eframework.HomePage" tests="2" failures="0" timestamp="19 May 2020 12:34:41 GMT" time="56.728" errors="0">
  <testcase name="basePageNavigation" time="17.241" classname="Shraddha.E2Eframework.HomePage"/>
  <testcase name="basePageNavigation" time="39.487" classname="Shraddha.E2Eframework.HomePage"/>
</testsuite> <!-- Shraddha.E2Eframework.HomePage -->
