<?xml version="1.0" encoding="UTF-8"?>
<!-- Generated by org.testng.reporters.JUnitReportReporter -->
<testsuite hostname="DESKTOP-1BKEDIA" failures="0" tests="6" name="test.day3" time="0.026" errors="0" timestamp="2020-04-28T15:19:57 IST" skipped="0">
  <testcase classname="test.day3" name="afterMethod" time="0.005"/>
  <system-out/>
  <testcase classname="test.day3" name="c_Name" time="0.005"/>
  <system-out/>
  <testcase classname="test.day3" name="collageName" time="0.004"/>
  <system-out/>
  <testcase classname="test.day3" name="co_name" time="0.006"/>
  <system-out/>
  <testcase classname="test.day3" name="c_Name" time="0.002"/>
  <system-out/>
  <testcase classname="test.day3" name="c_Name" time="0.004"/>
  <system-out/>
</testsuite> <!-- test.day3 -->
