<?xml version="1.0" encoding="UTF-8"?>
<!-- Generated by org.testng.reporters.JUnitReportReporter -->
<testsuite hostname="DESKTOP-1BKEDIA" failures="0" tests="3" name="test.day2" time="0.011" errors="0" timestamp="2020-04-28T15:19:57 IST" skipped="0">
  <testcase classname="test.day2" name="subject" time="0.003"/>
  <system-out/>
  <testcase classname="test.day2" name="marks" time="0.005"/>
  <system-out/>
  <testcase classname="test.day2" name="after" time="0.003"/>
  <system-out/>
</testsuite> <!-- test.day2 -->
