<?xml version="1.0" encoding="UTF-8"?>
<!-- Generated by org.testng.reporters.JUnitReportReporter -->
<testsuite hostname="DESKTOP-1BKEDIA" failures="0" tests="1" name="global.DataDriven" time="35.151" errors="0" timestamp="2020-04-29T17:49:56 IST" skipped="0">
  <testcase classname="global.DataDriven" name="Login" time="35.151"/>
  <system-out/>
</testsuite> <!-- global.DataDriven -->
