<?xml version="1.0" encoding="UTF-8"?>
<!-- Generated by org.testng.reporters.JUnitReportReporter -->
<testsuite hostname="DESKTOP-1BKEDIA" failures="0" tests="3" name="test.day1" time="0.023" errors="0" timestamp="2020-04-28T15:19:57 IST" skipped="0">
  <testcase classname="test.day1" name="second" time="0.006"/>
  <system-out/>
  <testcase classname="test.day1" name="demo" time="0.003"/>
  <system-out/>
  <testcase classname="test.day1" name="name" time="0.014"/>
  <system-out/>
</testsuite> <!-- test.day1 -->
