<?xml version="1.0" encoding="UTF-8"?>
<!-- Generated by org.testng.reporters.JUnitReportReporter -->
<testsuite hostname="DESKTOP-1BKEDIA" failures="0" tests="2" name="test.day4" time="0.004" errors="0" timestamp="2020-04-28T15:19:57 IST" skipped="1">
  <testcase classname="test.day4" name="studentName" time="0.004"/>
  <system-out/>
  <testcase classname="test.day4" name="s_name">
    <skipped/>
  </testcase> <!-- s_name -->
  <system-out/>
</testsuite> <!-- test.day4 -->
