<?xml version="1.0" encoding="UTF-8"?>
<!-- Generated by org.testng.reporters.JUnitReportReporter -->
<testsuite skipped="0" hostname="DESKTOP-1BKEDIA" name="qaclickacademy.Mavenjava.RestAPITest" tests="2" failures="0" timestamp="2020-05-13T17:08:35 IST" time="0.016" errors="0">
  <testcase name="postJira" time="0.003" classname="qaclickacademy.Mavenjava.RestAPITest"/>
  <system-out/>
  <testcase name="deleteTwitter" time="0.013" classname="qaclickacademy.Mavenjava.RestAPITest"/>
  <system-out/>
</testsuite> <!-- qaclickacademy.Mavenjava.RestAPITest -->
