<?xml version="1.0" encoding="UTF-8"?>
<!-- Generated by org.testng.reporters.JUnitReportReporter -->
<testsuite skipped="0" hostname="DESKTOP-1BKEDIA" name="qaclickacademy.Mavenjava.AppiumTest" tests="2" failures="0" timestamp="2020-05-13T17:08:35 IST" time="0.004" errors="0">
  <testcase name="IOSApps" time="0.002" classname="qaclickacademy.Mavenjava.AppiumTest"/>
  <system-out/>
  <testcase name="NativeAPpAndroid" time="0.002" classname="qaclickacademy.Mavenjava.AppiumTest"/>
  <system-out/>
</testsuite> <!-- qaclickacademy.Mavenjava.AppiumTest -->
