<?xml version="1.0" encoding="UTF-8"?>
<!-- Generated by org.testng.reporters.JUnitReportReporter -->
<testsuite hostname="DESKTOP-1BKEDIA" name="Shraddha.E2Eframework.Base" tests="1" failures="0" timestamp="13 May 2020 12:02:18 GMT" time="4.960" errors="0">
  <testcase name="getdata" time="4.960" classname="Shraddha.E2Eframework.Base"/>
</testsuite> <!-- Shraddha.E2Eframework.Base -->
