<?xml version="1.0" encoding="UTF-8"?>
<!-- Generated by org.testng.reporters.JUnitReportReporter -->
<testsuite hostname="DESKTOP-1BKEDIA" name="qaclickacademy.Mavenjava.RestAPITest" tests="2" failures="0" timestamp="13 May 2020 13:05:52 GMT" time="0.001" errors="0">
  <testcase name="deleteTwitter" time="0.000" classname="qaclickacademy.Mavenjava.RestAPITest"/>
  <testcase name="postJira" time="0.001" classname="qaclickacademy.Mavenjava.RestAPITest"/>
</testsuite> <!-- qaclickacademy.Mavenjava.RestAPITest -->
