<?xml version="1.0" encoding="UTF-8"?>
<!-- Generated by org.testng.reporters.JUnitReportReporter -->
<testsuite hostname="DESKTOP-1BKEDIA" name="qaclickacademy.Mavenjava.SeleniumTest" tests="2" failures="0" timestamp="13 May 2020 13:05:52 GMT" time="0.003" errors="0">
  <testcase name="BrowserAUtomation" time="0.001" classname="qaclickacademy.Mavenjava.SeleniumTest"/>
  <testcase name="elementsUi" time="0.002" classname="qaclickacademy.Mavenjava.SeleniumTest"/>
</testsuite> <!-- qaclickacademy.Mavenjava.SeleniumTest -->
