<?xml version="1.0" encoding="UTF-8"?>
<!-- Generated by org.testng.reporters.JUnitReportReporter -->
<testsuite skipped="0" hostname="DESKTOP-1BKEDIA" name="Testcase.LoginIntranet" tests="1" failures="0" timestamp="2020-05-11T17:29:34 IST" time="38.250" errors="0">
  <testcase name="LoginClass" time="38.250" classname="Testcase.LoginIntranet"/>
  <system-out/>
</testsuite> <!-- Testcase.LoginIntranet -->
