<?xml version="1.0" encoding="UTF-8"?>
<!-- Generated by org.testng.reporters.JUnitReportReporter -->
<testsuite hostname="DESKTOP-1BKEDIA" failures="0" tests="1" name="shraddha.Extentreports.Demo" time="31.552" errors="0" timestamp="2020-05-05T10:50:32 IST" skipped="0">
  <testcase classname="shraddha.Extentreports.Demo" name="display" time="31.552"/>
  <system-out/>
</testsuite> <!-- shraddha.Extentreports.Demo -->
